mode: set
github.com/pmorelli92/bunnify/bunnify/connection.go:16.50,17.37 1 0
github.com/pmorelli92/bunnify/bunnify/connection.go:17.37,19.3 1 0
github.com/pmorelli92/bunnify/bunnify/connection.go:22.76,23.37 1 0
github.com/pmorelli92/bunnify/bunnify/connection.go:23.37,25.3 1 0
github.com/pmorelli92/bunnify/bunnify/connection.go:28.66,29.37 1 0
github.com/pmorelli92/bunnify/bunnify/connection.go:29.37,31.3 1 0
github.com/pmorelli92/bunnify/bunnify/connection.go:44.65,50.27 2 1
github.com/pmorelli92/bunnify/bunnify/connection.go:50.27,52.3 1 0
github.com/pmorelli92/bunnify/bunnify/connection.go:53.2,55.3 1 1
github.com/pmorelli92/bunnify/bunnify/connection.go:59.30,64.6 4 1
github.com/pmorelli92/bunnify/bunnify/connection.go:64.6,66.17 2 1
github.com/pmorelli92/bunnify/bunnify/connection.go:66.17,67.9 1 1
github.com/pmorelli92/bunnify/bunnify/connection.go:70.3,71.13 2 0
github.com/pmorelli92/bunnify/bunnify/connection.go:74.2,77.12 3 1
github.com/pmorelli92/bunnify/bunnify/connection.go:77.12,79.34 2 1
github.com/pmorelli92/bunnify/bunnify/connection.go:79.34,82.4 2 0
github.com/pmorelli92/bunnify/bunnify/connection.go:86.36,88.25 2 0
github.com/pmorelli92/bunnify/bunnify/connection.go:88.25,91.3 2 0
github.com/pmorelli92/bunnify/bunnify/connection.go:92.2,92.12 1 0
github.com/pmorelli92/bunnify/bunnify/connection.go:95.60,96.32 1 1
github.com/pmorelli92/bunnify/bunnify/connection.go:96.32,99.3 2 0
github.com/pmorelli92/bunnify/bunnify/connection.go:101.2,105.6 4 1
github.com/pmorelli92/bunnify/bunnify/connection.go:105.6,107.17 2 1
github.com/pmorelli92/bunnify/bunnify/connection.go:107.17,108.9 1 1
github.com/pmorelli92/bunnify/bunnify/connection.go:111.3,112.13 2 0
github.com/pmorelli92/bunnify/bunnify/connection.go:115.2,116.18 2 1
github.com/pmorelli92/bunnify/bunnify/handler.go:15.71,16.63 1 1
github.com/pmorelli92/bunnify/bunnify/handler.go:16.63,22.17 3 1
github.com/pmorelli92/bunnify/bunnify/handler.go:22.17,24.4 1 0
github.com/pmorelli92/bunnify/bunnify/handler.go:25.3,25.39 1 1
github.com/pmorelli92/bunnify/bunnify/listener.go:20.62,21.35 1 0
github.com/pmorelli92/bunnify/bunnify/listener.go:21.35,23.3 1 0
github.com/pmorelli92/bunnify/bunnify/listener.go:26.59,27.35 1 1
github.com/pmorelli92/bunnify/bunnify/listener.go:27.35,29.3 1 1
github.com/pmorelli92/bunnify/bunnify/listener.go:32.66,33.35 1 1
github.com/pmorelli92/bunnify/bunnify/listener.go:33.35,35.3 1 1
github.com/pmorelli92/bunnify/bunnify/listener.go:38.86,39.35 1 1
github.com/pmorelli92/bunnify/bunnify/listener.go:39.35,41.3 1 1
github.com/pmorelli92/bunnify/bunnify/listener.go:44.91,45.35 1 1
github.com/pmorelli92/bunnify/bunnify/listener.go:45.35,47.3 1 1
github.com/pmorelli92/bunnify/bunnify/listener.go:58.42,64.27 2 1
github.com/pmorelli92/bunnify/bunnify/listener.go:64.27,66.3 1 1
github.com/pmorelli92/bunnify/bunnify/listener.go:68.2,72.3 1 1
github.com/pmorelli92/bunnify/bunnify/listener.go:75.28,77.22 2 1
github.com/pmorelli92/bunnify/bunnify/listener.go:77.22,79.3 1 0
github.com/pmorelli92/bunnify/bunnify/listener.go:81.2,81.51 1 1
github.com/pmorelli92/bunnify/bunnify/listener.go:81.51,84.3 2 0
github.com/pmorelli92/bunnify/bunnify/listener.go:86.2,86.48 1 1
github.com/pmorelli92/bunnify/bunnify/listener.go:86.48,89.3 2 0
github.com/pmorelli92/bunnify/bunnify/listener.go:91.2,91.45 1 1
github.com/pmorelli92/bunnify/bunnify/listener.go:91.45,94.3 2 0
github.com/pmorelli92/bunnify/bunnify/listener.go:96.2,97.16 2 1
github.com/pmorelli92/bunnify/bunnify/listener.go:97.16,100.3 2 0
github.com/pmorelli92/bunnify/bunnify/listener.go:102.2,102.12 1 1
github.com/pmorelli92/bunnify/bunnify/listener.go:102.12,103.36 1 1
github.com/pmorelli92/bunnify/bunnify/listener.go:103.36,108.11 3 1
github.com/pmorelli92/bunnify/bunnify/listener.go:108.11,109.40 1 1
github.com/pmorelli92/bunnify/bunnify/listener.go:109.40,111.14 2 0
github.com/pmorelli92/bunnify/bunnify/listener.go:113.5,113.39 1 1
github.com/pmorelli92/bunnify/bunnify/listener.go:116.4,117.63 2 1
github.com/pmorelli92/bunnify/bunnify/listener.go:117.63,120.13 3 0
github.com/pmorelli92/bunnify/bunnify/listener.go:123.4,123.56 1 1
github.com/pmorelli92/bunnify/bunnify/listener.go:123.56,126.13 3 1
github.com/pmorelli92/bunnify/bunnify/listener.go:129.4,129.27 1 1
github.com/pmorelli92/bunnify/bunnify/listener.go:132.3,133.16 2 0
github.com/pmorelli92/bunnify/bunnify/listener.go:137.77,146.31 2 1
github.com/pmorelli92/bunnify/bunnify/listener.go:146.31,148.30 2 1
github.com/pmorelli92/bunnify/bunnify/listener.go:148.30,150.4 1 0
github.com/pmorelli92/bunnify/bunnify/listener.go:152.3,153.10 2 1
github.com/pmorelli92/bunnify/bunnify/listener.go:153.10,155.4 1 0
github.com/pmorelli92/bunnify/bunnify/listener.go:157.3,158.10 2 1
github.com/pmorelli92/bunnify/bunnify/listener.go:158.10,160.4 1 0
github.com/pmorelli92/bunnify/bunnify/listener.go:161.3,164.10 3 1
github.com/pmorelli92/bunnify/bunnify/listener.go:164.10,166.4 1 0
github.com/pmorelli92/bunnify/bunnify/listener.go:167.3,170.35 3 1
github.com/pmorelli92/bunnify/bunnify/listener.go:170.35,172.4 1 0
github.com/pmorelli92/bunnify/bunnify/listener.go:173.3,174.10 2 1
github.com/pmorelli92/bunnify/bunnify/listener.go:174.10,176.4 1 0
github.com/pmorelli92/bunnify/bunnify/listener.go:177.3,177.32 1 1
github.com/pmorelli92/bunnify/bunnify/listener.go:180.2,180.21 1 1
github.com/pmorelli92/bunnify/bunnify/listener.go:183.64,186.30 2 1
github.com/pmorelli92/bunnify/bunnify/listener.go:186.30,196.3 1 1
github.com/pmorelli92/bunnify/bunnify/listener.go:198.2,198.37 1 1
github.com/pmorelli92/bunnify/bunnify/listener.go:198.37,208.3 1 1
github.com/pmorelli92/bunnify/bunnify/listener.go:210.2,210.29 1 1
github.com/pmorelli92/bunnify/bunnify/listener.go:213.61,218.37 3 1
github.com/pmorelli92/bunnify/bunnify/listener.go:218.37,233.3 3 1
github.com/pmorelli92/bunnify/bunnify/listener.go:235.2,245.29 3 1
github.com/pmorelli92/bunnify/bunnify/listener.go:248.58,251.30 2 1
github.com/pmorelli92/bunnify/bunnify/listener.go:251.30,252.46 1 1
github.com/pmorelli92/bunnify/bunnify/listener.go:252.46,260.4 1 1
github.com/pmorelli92/bunnify/bunnify/listener.go:263.2,263.37 1 1
github.com/pmorelli92/bunnify/bunnify/listener.go:263.37,271.3 1 1
github.com/pmorelli92/bunnify/bunnify/listener.go:273.2,273.29 1 1
github.com/pmorelli92/bunnify/bunnify/logger.go:30.39,34.2 1 1
github.com/pmorelli92/bunnify/bunnify/logger.go:36.46,38.2 1 1
github.com/pmorelli92/bunnify/bunnify/logger.go:40.47,42.2 1 1
github.com/pmorelli92/bunnify/bunnify/logger.go:47.37,49.2 1 0
github.com/pmorelli92/bunnify/bunnify/logger.go:51.46,52.2 0 0
github.com/pmorelli92/bunnify/bunnify/logger.go:54.47,55.2 0 0
github.com/pmorelli92/bunnify/bunnify/publisher.go:17.48,22.2 1 1
github.com/pmorelli92/bunnify/bunnify/publisher.go:27.32,29.56 1 1
github.com/pmorelli92/bunnify/bunnify/publisher.go:29.56,31.23 2 1
github.com/pmorelli92/bunnify/bunnify/publisher.go:31.23,33.4 1 0
github.com/pmorelli92/bunnify/bunnify/publisher.go:34.3,34.27 1 1
github.com/pmorelli92/bunnify/bunnify/publisher.go:37.2,38.16 2 1
github.com/pmorelli92/bunnify/bunnify/publisher.go:38.16,40.3 1 0
github.com/pmorelli92/bunnify/bunnify/publisher.go:42.2,57.4 1 1
