mode: set
github.com/pmorelli92/bunnify/connection.go:17.50,18.37 1 0
github.com/pmorelli92/bunnify/connection.go:18.37,20.3 1 0
github.com/pmorelli92/bunnify/connection.go:25.76,26.37 1 0
github.com/pmorelli92/bunnify/connection.go:26.37,28.3 1 0
github.com/pmorelli92/bunnify/connection.go:33.90,34.37 1 0
github.com/pmorelli92/bunnify/connection.go:34.37,36.3 1 0
github.com/pmorelli92/bunnify/connection.go:51.65,56.27 2 0
github.com/pmorelli92/bunnify/connection.go:56.27,58.3 1 0
github.com/pmorelli92/bunnify/connection.go:59.2,61.3 1 0
github.com/pmorelli92/bunnify/connection.go:66.36,72.16 5 0
github.com/pmorelli92/bunnify/connection.go:72.16,74.3 1 0
github.com/pmorelli92/bunnify/connection.go:76.2,76.6 1 0
github.com/pmorelli92/bunnify/connection.go:76.6,78.17 2 0
github.com/pmorelli92/bunnify/connection.go:78.17,79.9 1 0
github.com/pmorelli92/bunnify/connection.go:82.3,83.13 2 0
github.com/pmorelli92/bunnify/connection.go:86.2,89.12 3 0
github.com/pmorelli92/bunnify/connection.go:89.12,91.34 2 0
github.com/pmorelli92/bunnify/connection.go:91.34,94.4 2 0
github.com/pmorelli92/bunnify/connection.go:97.2,97.12 1 0
github.com/pmorelli92/bunnify/connection.go:101.36,103.25 2 0
github.com/pmorelli92/bunnify/connection.go:103.25,106.3 2 0
github.com/pmorelli92/bunnify/connection.go:107.2,107.12 1 0
github.com/pmorelli92/bunnify/connection.go:110.85,111.32 1 0
github.com/pmorelli92/bunnify/connection.go:111.32,114.3 2 0
github.com/pmorelli92/bunnify/connection.go:116.2,120.6 4 0
github.com/pmorelli92/bunnify/connection.go:120.6,122.17 2 0
github.com/pmorelli92/bunnify/connection.go:122.17,123.9 1 0
github.com/pmorelli92/bunnify/connection.go:126.3,127.13 2 0
github.com/pmorelli92/bunnify/connection.go:130.2,131.18 2 0
github.com/pmorelli92/bunnify/consumer.go:24.42,32.27 2 0
github.com/pmorelli92/bunnify/consumer.go:32.27,34.3 1 0
github.com/pmorelli92/bunnify/consumer.go:36.2,39.47 1 0
github.com/pmorelli92/bunnify/consumer.go:39.47,41.4 1 0
github.com/pmorelli92/bunnify/consumer.go:47.98,49.2 1 0
github.com/pmorelli92/bunnify/consumer.go:57.35,59.22 2 0
github.com/pmorelli92/bunnify/consumer.go:59.22,61.3 1 0
github.com/pmorelli92/bunnify/consumer.go:63.2,63.20 1 0
github.com/pmorelli92/bunnify/consumer.go:63.20,64.70 1 0
github.com/pmorelli92/bunnify/consumer.go:64.70,66.4 1 0
github.com/pmorelli92/bunnify/consumer.go:68.3,68.52 1 0
github.com/pmorelli92/bunnify/consumer.go:68.52,70.4 1 0
github.com/pmorelli92/bunnify/consumer.go:72.3,72.49 1 0
github.com/pmorelli92/bunnify/consumer.go:72.49,74.4 1 0
github.com/pmorelli92/bunnify/consumer.go:76.3,76.46 1 0
github.com/pmorelli92/bunnify/consumer.go:76.46,78.4 1 0
github.com/pmorelli92/bunnify/consumer.go:80.3,80.23 1 0
github.com/pmorelli92/bunnify/consumer.go:83.2,83.92 1 0
github.com/pmorelli92/bunnify/consumer.go:83.92,85.3 1 0
github.com/pmorelli92/bunnify/consumer.go:87.2,88.16 2 0
github.com/pmorelli92/bunnify/consumer.go:88.16,90.3 1 0
github.com/pmorelli92/bunnify/consumer.go:92.2,93.12 2 0
github.com/pmorelli92/bunnify/consumer.go:96.64,99.30 2 0
github.com/pmorelli92/bunnify/consumer.go:99.30,109.3 1 0
github.com/pmorelli92/bunnify/consumer.go:111.2,111.37 1 0
github.com/pmorelli92/bunnify/consumer.go:111.37,121.3 1 0
github.com/pmorelli92/bunnify/consumer.go:123.2,123.29 1 0
github.com/pmorelli92/bunnify/consumer.go:126.61,131.27 3 0
github.com/pmorelli92/bunnify/consumer.go:131.27,133.3 1 0
github.com/pmorelli92/bunnify/consumer.go:135.2,135.27 1 0
github.com/pmorelli92/bunnify/consumer.go:135.27,136.29 1 0
github.com/pmorelli92/bunnify/consumer.go:136.29,138.4 1 0
github.com/pmorelli92/bunnify/consumer.go:141.2,141.37 1 0
github.com/pmorelli92/bunnify/consumer.go:141.37,154.3 4 0
github.com/pmorelli92/bunnify/consumer.go:156.2,166.29 3 0
github.com/pmorelli92/bunnify/consumer.go:169.58,172.30 2 0
github.com/pmorelli92/bunnify/consumer.go:172.30,173.46 1 0
github.com/pmorelli92/bunnify/consumer.go:173.46,181.4 1 0
github.com/pmorelli92/bunnify/consumer.go:184.2,184.37 1 0
github.com/pmorelli92/bunnify/consumer.go:184.37,192.3 1 0
github.com/pmorelli92/bunnify/consumer.go:194.2,194.29 1 0
github.com/pmorelli92/bunnify/consumerLoop.go:10.80,11.35 1 0
github.com/pmorelli92/bunnify/consumerLoop.go:11.35,18.10 5 0
github.com/pmorelli92/bunnify/consumerLoop.go:18.10,19.39 1 0
github.com/pmorelli92/bunnify/consumerLoop.go:19.39,22.13 3 0
github.com/pmorelli92/bunnify/consumerLoop.go:24.4,24.38 1 0
github.com/pmorelli92/bunnify/consumerLoop.go:27.3,30.62 2 0
github.com/pmorelli92/bunnify/consumerLoop.go:30.62,33.12 3 0
github.com/pmorelli92/bunnify/consumerLoop.go:36.3,37.51 2 0
github.com/pmorelli92/bunnify/consumerLoop.go:37.51,42.12 5 0
github.com/pmorelli92/bunnify/consumerLoop.go:45.3,48.58 4 0
github.com/pmorelli92/bunnify/consumerLoop.go:53.2,53.25 1 0
github.com/pmorelli92/bunnify/consumerLoop.go:53.25,55.3 1 0
github.com/pmorelli92/bunnify/consumerLoop.go:57.2,59.36 2 0
github.com/pmorelli92/bunnify/consumerLoop.go:59.36,61.3 1 0
github.com/pmorelli92/bunnify/consumerLoop.go:64.56,65.28 1 0
github.com/pmorelli92/bunnify/consumerLoop.go:65.28,67.3 1 0
github.com/pmorelli92/bunnify/consumerLoop.go:70.2,71.9 2 0
github.com/pmorelli92/bunnify/consumerLoop.go:71.9,73.3 1 0
github.com/pmorelli92/bunnify/consumerLoop.go:75.2,76.35 2 0
github.com/pmorelli92/bunnify/consumerOption.go:21.67,22.35 1 0
github.com/pmorelli92/bunnify/consumerOption.go:22.35,24.3 1 0
github.com/pmorelli92/bunnify/consumerOption.go:28.69,29.35 1 0
github.com/pmorelli92/bunnify/consumerOption.go:29.35,32.3 2 0
github.com/pmorelli92/bunnify/consumerOption.go:37.46,38.35 1 0
github.com/pmorelli92/bunnify/consumerOption.go:38.35,40.3 1 0
github.com/pmorelli92/bunnify/consumerOption.go:47.53,48.35 1 0
github.com/pmorelli92/bunnify/consumerOption.go:48.35,50.3 1 0
github.com/pmorelli92/bunnify/consumerOption.go:55.66,56.35 1 0
github.com/pmorelli92/bunnify/consumerOption.go:56.35,58.3 1 0
github.com/pmorelli92/bunnify/consumerOption.go:64.86,65.35 1 0
github.com/pmorelli92/bunnify/consumerOption.go:65.35,67.3 1 0
github.com/pmorelli92/bunnify/consumerOption.go:72.91,73.35 1 0
github.com/pmorelli92/bunnify/consumerOption.go:73.35,75.3 1 0
github.com/pmorelli92/bunnify/deliveryInfo.go:7.77,16.31 2 1
github.com/pmorelli92/bunnify/deliveryInfo.go:16.31,18.30 2 1
github.com/pmorelli92/bunnify/deliveryInfo.go:18.30,20.4 1 0
github.com/pmorelli92/bunnify/deliveryInfo.go:22.3,23.10 2 1
github.com/pmorelli92/bunnify/deliveryInfo.go:23.10,25.4 1 0
github.com/pmorelli92/bunnify/deliveryInfo.go:27.3,28.10 2 1
github.com/pmorelli92/bunnify/deliveryInfo.go:28.10,30.4 1 0
github.com/pmorelli92/bunnify/deliveryInfo.go:31.3,34.10 3 1
github.com/pmorelli92/bunnify/deliveryInfo.go:34.10,36.4 1 0
github.com/pmorelli92/bunnify/deliveryInfo.go:37.3,40.35 3 1
github.com/pmorelli92/bunnify/deliveryInfo.go:40.35,42.4 1 0
github.com/pmorelli92/bunnify/deliveryInfo.go:43.3,44.10 2 1
github.com/pmorelli92/bunnify/deliveryInfo.go:44.10,46.4 1 0
github.com/pmorelli92/bunnify/deliveryInfo.go:47.3,47.32 1 1
github.com/pmorelli92/bunnify/deliveryInfo.go:50.2,50.21 1 1
github.com/pmorelli92/bunnify/handler.go:15.71,16.63 1 0
github.com/pmorelli92/bunnify/handler.go:16.63,22.17 3 0
github.com/pmorelli92/bunnify/handler.go:22.17,24.4 1 0
github.com/pmorelli92/bunnify/handler.go:25.3,25.39 1 0
github.com/pmorelli92/bunnify/metrics.go:75.53,77.2 1 0
github.com/pmorelli92/bunnify/metrics.go:79.59,81.2 1 0
github.com/pmorelli92/bunnify/metrics.go:83.56,85.2 1 0
github.com/pmorelli92/bunnify/metrics.go:87.69,93.2 2 0
github.com/pmorelli92/bunnify/metrics.go:95.68,101.2 2 0
github.com/pmorelli92/bunnify/metrics.go:103.62,105.2 1 0
github.com/pmorelli92/bunnify/metrics.go:107.61,109.2 1 0
github.com/pmorelli92/bunnify/metrics.go:111.58,122.39 2 0
github.com/pmorelli92/bunnify/metrics.go:122.39,124.9 2 0
github.com/pmorelli92/bunnify/metrics.go:124.9,126.4 1 0
github.com/pmorelli92/bunnify/metrics.go:127.3,128.74 2 0
github.com/pmorelli92/bunnify/metrics.go:128.74,130.4 1 0
github.com/pmorelli92/bunnify/metrics.go:132.2,132.12 1 0
github.com/pmorelli92/bunnify/notification.go:26.39,28.2 1 0
github.com/pmorelli92/bunnify/notification.go:30.58,31.15 1 1
github.com/pmorelli92/bunnify/notification.go:31.15,37.3 1 1
github.com/pmorelli92/bunnify/notification.go:40.51,41.15 1 1
github.com/pmorelli92/bunnify/notification.go:41.15,47.3 1 1
github.com/pmorelli92/bunnify/notification.go:50.64,51.15 1 1
github.com/pmorelli92/bunnify/notification.go:51.15,57.3 1 1
github.com/pmorelli92/bunnify/notification.go:60.54,61.15 1 1
github.com/pmorelli92/bunnify/notification.go:61.15,67.3 1 1
github.com/pmorelli92/bunnify/notification.go:70.61,71.15 1 1
github.com/pmorelli92/bunnify/notification.go:71.15,77.3 1 1
github.com/pmorelli92/bunnify/notification.go:80.82,81.15 1 1
github.com/pmorelli92/bunnify/notification.go:81.15,87.3 1 1
github.com/pmorelli92/bunnify/notification.go:90.75,91.15 1 1
github.com/pmorelli92/bunnify/notification.go:91.15,97.3 1 1
github.com/pmorelli92/bunnify/notification.go:100.88,101.15 1 1
github.com/pmorelli92/bunnify/notification.go:101.15,107.3 1 1
github.com/pmorelli92/bunnify/notification.go:110.87,111.15 1 1
github.com/pmorelli92/bunnify/notification.go:111.15,117.3 1 1
github.com/pmorelli92/bunnify/notification.go:120.97,121.15 1 1
github.com/pmorelli92/bunnify/notification.go:121.15,127.3 1 1
github.com/pmorelli92/bunnify/publishableEvent.go:24.54,25.33 1 0
github.com/pmorelli92/bunnify/publishableEvent.go:25.33,27.3 1 0
github.com/pmorelli92/bunnify/publishableEvent.go:32.66,33.33 1 0
github.com/pmorelli92/bunnify/publishableEvent.go:33.33,35.3 1 0
github.com/pmorelli92/bunnify/publishableEvent.go:40.85,42.27 2 0
github.com/pmorelli92/bunnify/publishableEvent.go:42.27,44.3 1 0
github.com/pmorelli92/bunnify/publishableEvent.go:46.2,46.33 1 0
github.com/pmorelli92/bunnify/publishableEvent.go:46.33,48.3 1 0
github.com/pmorelli92/bunnify/publishableEvent.go:49.2,49.27 1 0
github.com/pmorelli92/bunnify/publishableEvent.go:49.27,51.3 1 0
github.com/pmorelli92/bunnify/publishableEvent.go:53.2,60.3 1 0
github.com/pmorelli92/bunnify/publisher.go:18.48,20.47 1 0
github.com/pmorelli92/bunnify/publisher.go:20.47,22.4 1 0
github.com/pmorelli92/bunnify/publisher.go:31.32,33.56 1 0
github.com/pmorelli92/bunnify/publisher.go:33.56,35.23 2 0
github.com/pmorelli92/bunnify/publisher.go:35.23,37.4 1 0
github.com/pmorelli92/bunnify/publisher.go:38.3,38.27 1 0
github.com/pmorelli92/bunnify/publisher.go:41.2,42.16 2 0
github.com/pmorelli92/bunnify/publisher.go:42.16,44.3 1 0
github.com/pmorelli92/bunnify/publisher.go:46.2,56.16 3 0
github.com/pmorelli92/bunnify/publisher.go:56.16,59.3 2 0
github.com/pmorelli92/bunnify/publisher.go:61.2,62.12 2 0
github.com/pmorelli92/bunnify/tracing.go:12.54,17.28 4 0
github.com/pmorelli92/bunnify/tracing.go:17.28,19.3 1 0
github.com/pmorelli92/bunnify/tracing.go:20.2,20.15 1 0
github.com/pmorelli92/bunnify/tracing.go:24.59,26.28 2 0
github.com/pmorelli92/bunnify/tracing.go:26.28,28.9 2 0
github.com/pmorelli92/bunnify/tracing.go:28.9,30.4 1 0
github.com/pmorelli92/bunnify/tracing.go:33.2,33.69 1 0
github.com/pmorelli92/bunnify/connection.go:17.50,18.37 1 1
github.com/pmorelli92/bunnify/connection.go:18.37,20.3 1 1
github.com/pmorelli92/bunnify/connection.go:25.76,26.37 1 1
github.com/pmorelli92/bunnify/connection.go:26.37,28.3 1 1
github.com/pmorelli92/bunnify/connection.go:33.90,34.37 1 1
github.com/pmorelli92/bunnify/connection.go:34.37,36.3 1 1
github.com/pmorelli92/bunnify/connection.go:51.65,56.27 2 1
github.com/pmorelli92/bunnify/connection.go:56.27,58.3 1 1
github.com/pmorelli92/bunnify/connection.go:59.2,61.3 1 1
github.com/pmorelli92/bunnify/connection.go:66.36,72.16 5 1
github.com/pmorelli92/bunnify/connection.go:72.16,74.3 1 1
github.com/pmorelli92/bunnify/connection.go:76.2,76.6 1 1
github.com/pmorelli92/bunnify/connection.go:76.6,78.17 2 1
github.com/pmorelli92/bunnify/connection.go:78.17,79.9 1 1
github.com/pmorelli92/bunnify/connection.go:82.3,83.13 2 0
github.com/pmorelli92/bunnify/connection.go:86.2,89.12 3 1
github.com/pmorelli92/bunnify/connection.go:89.12,91.34 2 1
github.com/pmorelli92/bunnify/connection.go:91.34,94.4 2 0
github.com/pmorelli92/bunnify/connection.go:97.2,97.12 1 1
github.com/pmorelli92/bunnify/connection.go:101.36,103.25 2 1
github.com/pmorelli92/bunnify/connection.go:103.25,106.3 2 1
github.com/pmorelli92/bunnify/connection.go:107.2,107.12 1 0
github.com/pmorelli92/bunnify/connection.go:110.85,111.32 1 1
github.com/pmorelli92/bunnify/connection.go:111.32,114.3 2 1
github.com/pmorelli92/bunnify/connection.go:116.2,120.6 4 1
github.com/pmorelli92/bunnify/connection.go:120.6,122.17 2 1
github.com/pmorelli92/bunnify/connection.go:122.17,123.9 1 1
github.com/pmorelli92/bunnify/connection.go:126.3,127.13 2 0
github.com/pmorelli92/bunnify/connection.go:130.2,131.18 2 1
github.com/pmorelli92/bunnify/consumer.go:24.42,32.27 2 1
github.com/pmorelli92/bunnify/consumer.go:32.27,34.3 1 1
github.com/pmorelli92/bunnify/consumer.go:36.2,39.47 1 1
github.com/pmorelli92/bunnify/consumer.go:39.47,41.4 1 1
github.com/pmorelli92/bunnify/consumer.go:47.98,49.2 1 1
github.com/pmorelli92/bunnify/consumer.go:57.35,59.22 2 1
github.com/pmorelli92/bunnify/consumer.go:59.22,61.3 1 1
github.com/pmorelli92/bunnify/consumer.go:63.2,63.20 1 1
github.com/pmorelli92/bunnify/consumer.go:63.20,64.70 1 1
github.com/pmorelli92/bunnify/consumer.go:64.70,66.4 1 1
github.com/pmorelli92/bunnify/consumer.go:68.3,68.52 1 1
github.com/pmorelli92/bunnify/consumer.go:68.52,70.4 1 0
github.com/pmorelli92/bunnify/consumer.go:72.3,72.49 1 1
github.com/pmorelli92/bunnify/consumer.go:72.49,74.4 1 1
github.com/pmorelli92/bunnify/consumer.go:76.3,76.46 1 1
github.com/pmorelli92/bunnify/consumer.go:76.46,78.4 1 0
github.com/pmorelli92/bunnify/consumer.go:80.3,80.23 1 1
github.com/pmorelli92/bunnify/consumer.go:83.2,83.92 1 1
github.com/pmorelli92/bunnify/consumer.go:83.92,85.3 1 0
github.com/pmorelli92/bunnify/consumer.go:87.2,88.16 2 1
github.com/pmorelli92/bunnify/consumer.go:88.16,90.3 1 0
github.com/pmorelli92/bunnify/consumer.go:92.2,93.12 2 1
github.com/pmorelli92/bunnify/consumer.go:96.64,99.30 2 1
github.com/pmorelli92/bunnify/consumer.go:99.30,109.3 1 1
github.com/pmorelli92/bunnify/consumer.go:111.2,111.37 1 1
github.com/pmorelli92/bunnify/consumer.go:111.37,121.3 1 1
github.com/pmorelli92/bunnify/consumer.go:123.2,123.29 1 1
github.com/pmorelli92/bunnify/consumer.go:126.61,131.27 3 1
github.com/pmorelli92/bunnify/consumer.go:131.27,133.3 1 1
github.com/pmorelli92/bunnify/consumer.go:135.2,135.27 1 1
github.com/pmorelli92/bunnify/consumer.go:135.27,136.29 1 1
github.com/pmorelli92/bunnify/consumer.go:136.29,138.4 1 1
github.com/pmorelli92/bunnify/consumer.go:141.2,141.37 1 1
github.com/pmorelli92/bunnify/consumer.go:141.37,154.3 4 1
github.com/pmorelli92/bunnify/consumer.go:156.2,166.29 3 1
github.com/pmorelli92/bunnify/consumer.go:169.58,172.30 2 1
github.com/pmorelli92/bunnify/consumer.go:172.30,173.46 1 1
github.com/pmorelli92/bunnify/consumer.go:173.46,181.4 1 1
github.com/pmorelli92/bunnify/consumer.go:184.2,184.37 1 1
github.com/pmorelli92/bunnify/consumer.go:184.37,192.3 1 1
github.com/pmorelli92/bunnify/consumer.go:194.2,194.29 1 1
github.com/pmorelli92/bunnify/consumerLoop.go:10.80,11.35 1 1
github.com/pmorelli92/bunnify/consumerLoop.go:11.35,18.10 5 1
github.com/pmorelli92/bunnify/consumerLoop.go:18.10,19.39 1 1
github.com/pmorelli92/bunnify/consumerLoop.go:19.39,22.13 3 1
github.com/pmorelli92/bunnify/consumerLoop.go:24.4,24.38 1 1
github.com/pmorelli92/bunnify/consumerLoop.go:27.3,30.62 2 1
github.com/pmorelli92/bunnify/consumerLoop.go:30.62,33.12 3 0
github.com/pmorelli92/bunnify/consumerLoop.go:36.3,37.51 2 1
github.com/pmorelli92/bunnify/consumerLoop.go:37.51,42.12 5 1
github.com/pmorelli92/bunnify/consumerLoop.go:45.3,48.58 4 1
github.com/pmorelli92/bunnify/consumerLoop.go:53.2,53.25 1 1
github.com/pmorelli92/bunnify/consumerLoop.go:53.25,55.3 1 0
github.com/pmorelli92/bunnify/consumerLoop.go:57.2,59.36 2 1
github.com/pmorelli92/bunnify/consumerLoop.go:59.36,61.3 1 1
github.com/pmorelli92/bunnify/consumerLoop.go:64.56,65.28 1 1
github.com/pmorelli92/bunnify/consumerLoop.go:65.28,67.3 1 1
github.com/pmorelli92/bunnify/consumerLoop.go:70.2,71.9 2 1
github.com/pmorelli92/bunnify/consumerLoop.go:71.9,73.3 1 1
github.com/pmorelli92/bunnify/consumerLoop.go:75.2,76.35 2 1
github.com/pmorelli92/bunnify/consumerOption.go:21.67,22.35 1 1
github.com/pmorelli92/bunnify/consumerOption.go:22.35,24.3 1 1
github.com/pmorelli92/bunnify/consumerOption.go:28.69,29.35 1 1
github.com/pmorelli92/bunnify/consumerOption.go:29.35,32.3 2 1
github.com/pmorelli92/bunnify/consumerOption.go:37.46,38.35 1 1
github.com/pmorelli92/bunnify/consumerOption.go:38.35,40.3 1 1
github.com/pmorelli92/bunnify/consumerOption.go:47.53,48.35 1 1
github.com/pmorelli92/bunnify/consumerOption.go:48.35,50.3 1 1
github.com/pmorelli92/bunnify/consumerOption.go:55.66,56.35 1 1
github.com/pmorelli92/bunnify/consumerOption.go:56.35,58.3 1 1
github.com/pmorelli92/bunnify/consumerOption.go:64.86,65.35 1 1
github.com/pmorelli92/bunnify/consumerOption.go:65.35,67.3 1 1
github.com/pmorelli92/bunnify/consumerOption.go:72.91,73.35 1 1
github.com/pmorelli92/bunnify/consumerOption.go:73.35,75.3 1 1
github.com/pmorelli92/bunnify/deliveryInfo.go:7.77,16.31 2 1
github.com/pmorelli92/bunnify/deliveryInfo.go:16.31,18.30 2 1
github.com/pmorelli92/bunnify/deliveryInfo.go:18.30,20.4 1 0
github.com/pmorelli92/bunnify/deliveryInfo.go:22.3,23.10 2 1
github.com/pmorelli92/bunnify/deliveryInfo.go:23.10,25.4 1 0
github.com/pmorelli92/bunnify/deliveryInfo.go:27.3,28.10 2 1
github.com/pmorelli92/bunnify/deliveryInfo.go:28.10,30.4 1 0
github.com/pmorelli92/bunnify/deliveryInfo.go:31.3,34.10 3 1
github.com/pmorelli92/bunnify/deliveryInfo.go:34.10,36.4 1 0
github.com/pmorelli92/bunnify/deliveryInfo.go:37.3,40.35 3 1
github.com/pmorelli92/bunnify/deliveryInfo.go:40.35,42.4 1 0
github.com/pmorelli92/bunnify/deliveryInfo.go:43.3,44.10 2 1
github.com/pmorelli92/bunnify/deliveryInfo.go:44.10,46.4 1 0
github.com/pmorelli92/bunnify/deliveryInfo.go:47.3,47.32 1 1
github.com/pmorelli92/bunnify/deliveryInfo.go:50.2,50.21 1 1
github.com/pmorelli92/bunnify/handler.go:15.71,16.63 1 1
github.com/pmorelli92/bunnify/handler.go:16.63,22.17 3 1
github.com/pmorelli92/bunnify/handler.go:22.17,24.4 1 0
github.com/pmorelli92/bunnify/handler.go:25.3,25.39 1 1
github.com/pmorelli92/bunnify/metrics.go:75.53,77.2 1 1
github.com/pmorelli92/bunnify/metrics.go:79.59,81.2 1 1
github.com/pmorelli92/bunnify/metrics.go:83.56,85.2 1 0
github.com/pmorelli92/bunnify/metrics.go:87.69,93.2 2 1
github.com/pmorelli92/bunnify/metrics.go:95.68,101.2 2 1
github.com/pmorelli92/bunnify/metrics.go:103.62,105.2 1 1
github.com/pmorelli92/bunnify/metrics.go:107.61,109.2 1 0
github.com/pmorelli92/bunnify/metrics.go:111.58,122.39 2 1
github.com/pmorelli92/bunnify/metrics.go:122.39,124.9 2 1
github.com/pmorelli92/bunnify/metrics.go:124.9,126.4 1 1
github.com/pmorelli92/bunnify/metrics.go:127.3,128.74 2 1
github.com/pmorelli92/bunnify/metrics.go:128.74,130.4 1 0
github.com/pmorelli92/bunnify/metrics.go:132.2,132.12 1 1
github.com/pmorelli92/bunnify/notification.go:26.39,28.2 1 1
github.com/pmorelli92/bunnify/notification.go:30.58,31.15 1 1
github.com/pmorelli92/bunnify/notification.go:31.15,37.3 1 1
github.com/pmorelli92/bunnify/notification.go:40.51,41.15 1 0
github.com/pmorelli92/bunnify/notification.go:41.15,47.3 1 0
github.com/pmorelli92/bunnify/notification.go:50.64,51.15 1 0
github.com/pmorelli92/bunnify/notification.go:51.15,57.3 1 0
github.com/pmorelli92/bunnify/notification.go:60.54,61.15 1 1
github.com/pmorelli92/bunnify/notification.go:61.15,67.3 1 1
github.com/pmorelli92/bunnify/notification.go:70.61,71.15 1 1
github.com/pmorelli92/bunnify/notification.go:71.15,77.3 1 1
github.com/pmorelli92/bunnify/notification.go:80.82,81.15 1 1
github.com/pmorelli92/bunnify/notification.go:81.15,87.3 1 1
github.com/pmorelli92/bunnify/notification.go:90.75,91.15 1 1
github.com/pmorelli92/bunnify/notification.go:91.15,97.3 1 1
github.com/pmorelli92/bunnify/notification.go:100.88,101.15 1 1
github.com/pmorelli92/bunnify/notification.go:101.15,107.3 1 1
github.com/pmorelli92/bunnify/notification.go:110.87,111.15 1 1
github.com/pmorelli92/bunnify/notification.go:111.15,117.3 1 1
github.com/pmorelli92/bunnify/notification.go:120.97,121.15 1 1
github.com/pmorelli92/bunnify/notification.go:121.15,127.3 1 0
github.com/pmorelli92/bunnify/publishableEvent.go:24.54,25.33 1 1
github.com/pmorelli92/bunnify/publishableEvent.go:25.33,27.3 1 1
github.com/pmorelli92/bunnify/publishableEvent.go:32.66,33.33 1 1
github.com/pmorelli92/bunnify/publishableEvent.go:33.33,35.3 1 1
github.com/pmorelli92/bunnify/publishableEvent.go:40.85,42.27 2 1
github.com/pmorelli92/bunnify/publishableEvent.go:42.27,44.3 1 1
github.com/pmorelli92/bunnify/publishableEvent.go:46.2,46.33 1 1
github.com/pmorelli92/bunnify/publishableEvent.go:46.33,48.3 1 1
github.com/pmorelli92/bunnify/publishableEvent.go:49.2,49.27 1 1
github.com/pmorelli92/bunnify/publishableEvent.go:49.27,51.3 1 1
github.com/pmorelli92/bunnify/publishableEvent.go:53.2,60.3 1 1
github.com/pmorelli92/bunnify/publisher.go:18.48,20.47 1 1
github.com/pmorelli92/bunnify/publisher.go:20.47,22.4 1 1
github.com/pmorelli92/bunnify/publisher.go:31.32,33.56 1 1
github.com/pmorelli92/bunnify/publisher.go:33.56,35.23 2 1
github.com/pmorelli92/bunnify/publisher.go:35.23,37.4 1 0
github.com/pmorelli92/bunnify/publisher.go:38.3,38.27 1 1
github.com/pmorelli92/bunnify/publisher.go:41.2,42.16 2 1
github.com/pmorelli92/bunnify/publisher.go:42.16,44.3 1 0
github.com/pmorelli92/bunnify/publisher.go:46.2,56.16 3 1
github.com/pmorelli92/bunnify/publisher.go:56.16,59.3 2 0
github.com/pmorelli92/bunnify/publisher.go:61.2,62.12 2 1
github.com/pmorelli92/bunnify/tracing.go:12.54,17.28 4 1
github.com/pmorelli92/bunnify/tracing.go:17.28,19.3 1 1
github.com/pmorelli92/bunnify/tracing.go:20.2,20.15 1 1
github.com/pmorelli92/bunnify/tracing.go:24.59,26.28 2 1
github.com/pmorelli92/bunnify/tracing.go:26.28,28.9 2 1
github.com/pmorelli92/bunnify/tracing.go:28.9,30.4 1 1
github.com/pmorelli92/bunnify/tracing.go:33.2,33.69 1 1
github.com/pmorelli92/bunnify/outbox/notification.go:9.55,10.15 1 0
github.com/pmorelli92/bunnify/outbox/notification.go:10.15,16.3 1 0
github.com/pmorelli92/bunnify/outbox/notification.go:19.59,20.15 1 0
github.com/pmorelli92/bunnify/outbox/notification.go:20.15,26.3 1 0
github.com/pmorelli92/bunnify/outbox/notification.go:29.67,30.15 1 0
github.com/pmorelli92/bunnify/outbox/notification.go:30.15,36.3 1 0
github.com/pmorelli92/bunnify/outbox/notification.go:39.62,40.15 1 0
github.com/pmorelli92/bunnify/outbox/notification.go:40.15,46.3 1 0
github.com/pmorelli92/bunnify/outbox/notification.go:49.78,50.15 1 0
github.com/pmorelli92/bunnify/outbox/notification.go:50.15,56.3 1 0
github.com/pmorelli92/bunnify/outbox/notification.go:59.69,60.15 1 0
github.com/pmorelli92/bunnify/outbox/notification.go:60.15,66.3 1 0
github.com/pmorelli92/bunnify/outbox/notification.go:69.68,70.15 1 0
github.com/pmorelli92/bunnify/outbox/notification.go:70.15,76.3 1 0
github.com/pmorelli92/bunnify/outbox/notification.go:79.80,80.15 1 0
github.com/pmorelli92/bunnify/outbox/notification.go:80.15,86.3 1 0
github.com/pmorelli92/bunnify/outbox/publisher.go:35.54,41.27 2 0
github.com/pmorelli92/bunnify/outbox/publisher.go:41.27,43.3 1 0
github.com/pmorelli92/bunnify/outbox/publisher.go:45.2,46.16 2 0
github.com/pmorelli92/bunnify/outbox/publisher.go:46.16,48.3 1 0
github.com/pmorelli92/bunnify/outbox/publisher.go:50.2,57.15 3 0
github.com/pmorelli92/bunnify/outbox/publisher.go:67.40,70.16 2 0
github.com/pmorelli92/bunnify/outbox/publisher.go:70.16,72.3 1 0
github.com/pmorelli92/bunnify/outbox/publisher.go:75.2,85.4 2 0
github.com/pmorelli92/bunnify/outbox/publisher.go:88.29,90.2 1 0
github.com/pmorelli92/bunnify/outbox/publisherLoop.go:16.28,18.6 2 0
github.com/pmorelli92/bunnify/outbox/publisherLoop.go:18.6,19.15 1 0
github.com/pmorelli92/bunnify/outbox/publisherLoop.go:19.15,22.4 2 0
github.com/pmorelli92/bunnify/outbox/publisherLoop.go:24.3,28.17 4 0
github.com/pmorelli92/bunnify/outbox/publisherLoop.go:28.17,30.12 2 0
github.com/pmorelli92/bunnify/outbox/publisherLoop.go:33.3,35.17 3 0
github.com/pmorelli92/bunnify/outbox/publisherLoop.go:35.17,38.12 3 0
github.com/pmorelli92/bunnify/outbox/publisherLoop.go:41.3,41.21 1 0
github.com/pmorelli92/bunnify/outbox/publisherLoop.go:41.21,43.12 2 0
github.com/pmorelli92/bunnify/outbox/publisherLoop.go:46.3,47.26 2 0
github.com/pmorelli92/bunnify/outbox/publisherLoop.go:47.26,50.18 3 0
github.com/pmorelli92/bunnify/outbox/publisherLoop.go:50.18,51.13 1 0
github.com/pmorelli92/bunnify/outbox/publisherLoop.go:55.4,64.18 6 0
github.com/pmorelli92/bunnify/outbox/publisherLoop.go:64.18,66.13 2 0
github.com/pmorelli92/bunnify/outbox/publisherLoop.go:69.4,69.32 1 0
github.com/pmorelli92/bunnify/outbox/publisherLoop.go:72.3,72.35 1 0
github.com/pmorelli92/bunnify/outbox/publisherLoop.go:72.35,73.57 1 0
github.com/pmorelli92/bunnify/outbox/publisherLoop.go:73.57,75.13 2 0
github.com/pmorelli92/bunnify/outbox/publisherLoop.go:77.9,78.65 1 0
github.com/pmorelli92/bunnify/outbox/publisherLoop.go:78.65,80.13 2 0
github.com/pmorelli92/bunnify/outbox/publisherLoop.go:84.3,84.39 1 0
github.com/pmorelli92/bunnify/outbox/publisherLoop.go:84.39,87.12 3 0
github.com/pmorelli92/bunnify/outbox/publisherLoop.go:90.3,90.71 1 0
github.com/pmorelli92/bunnify/outbox/publisherOption.go:18.54,19.36 1 0
github.com/pmorelli92/bunnify/outbox/publisherOption.go:19.36,21.3 1 0
github.com/pmorelli92/bunnify/outbox/publisherOption.go:26.73,27.36 1 0
github.com/pmorelli92/bunnify/outbox/publisherOption.go:27.36,29.3 1 0
github.com/pmorelli92/bunnify/outbox/publisherOption.go:34.95,35.36 1 0
github.com/pmorelli92/bunnify/outbox/publisherOption.go:35.36,37.3 1 0
github.com/pmorelli92/bunnify/outbox/generated/db.go:20.28,22.2 1 0
github.com/pmorelli92/bunnify/outbox/generated/db.go:28.46,32.2 1 0
github.com/pmorelli92/bunnify/outbox/generated/queries.sql.go:18.79,21.2 2 0
github.com/pmorelli92/bunnify/outbox/generated/queries.sql.go:30.89,32.16 2 0
github.com/pmorelli92/bunnify/outbox/generated/queries.sql.go:32.16,34.3 1 0
github.com/pmorelli92/bunnify/outbox/generated/queries.sql.go:35.2,37.18 3 0
github.com/pmorelli92/bunnify/outbox/generated/queries.sql.go:37.18,48.17 2 0
github.com/pmorelli92/bunnify/outbox/generated/queries.sql.go:48.17,50.4 1 0
github.com/pmorelli92/bunnify/outbox/generated/queries.sql.go:51.3,51.27 1 0
github.com/pmorelli92/bunnify/outbox/generated/queries.sql.go:53.2,53.35 1 0
github.com/pmorelli92/bunnify/outbox/generated/queries.sql.go:53.35,55.3 1 0
github.com/pmorelli92/bunnify/outbox/generated/queries.sql.go:56.2,56.19 1 0
github.com/pmorelli92/bunnify/outbox/generated/queries.sql.go:74.95,85.2 2 0
github.com/pmorelli92/bunnify/outbox/generated/queries.sql.go:92.87,95.2 2 0
github.com/pmorelli92/bunnify/outbox/notification.go:9.55,10.15 1 1
github.com/pmorelli92/bunnify/outbox/notification.go:10.15,16.3 1 1
github.com/pmorelli92/bunnify/outbox/notification.go:19.59,20.15 1 0
github.com/pmorelli92/bunnify/outbox/notification.go:20.15,26.3 1 0
github.com/pmorelli92/bunnify/outbox/notification.go:29.67,30.15 1 0
github.com/pmorelli92/bunnify/outbox/notification.go:30.15,36.3 1 0
github.com/pmorelli92/bunnify/outbox/notification.go:39.62,40.15 1 0
github.com/pmorelli92/bunnify/outbox/notification.go:40.15,46.3 1 0
github.com/pmorelli92/bunnify/outbox/notification.go:49.78,50.15 1 0
github.com/pmorelli92/bunnify/outbox/notification.go:50.15,56.3 1 0
github.com/pmorelli92/bunnify/outbox/notification.go:59.69,60.15 1 0
github.com/pmorelli92/bunnify/outbox/notification.go:60.15,66.3 1 0
github.com/pmorelli92/bunnify/outbox/notification.go:69.68,70.15 1 0
github.com/pmorelli92/bunnify/outbox/notification.go:70.15,76.3 1 0
github.com/pmorelli92/bunnify/outbox/notification.go:79.80,80.15 1 1
github.com/pmorelli92/bunnify/outbox/notification.go:80.15,86.3 1 1
github.com/pmorelli92/bunnify/outbox/publisher.go:35.54,41.27 2 1
github.com/pmorelli92/bunnify/outbox/publisher.go:41.27,43.3 1 1
github.com/pmorelli92/bunnify/outbox/publisher.go:45.2,46.16 2 1
github.com/pmorelli92/bunnify/outbox/publisher.go:46.16,48.3 1 0
github.com/pmorelli92/bunnify/outbox/publisher.go:50.2,57.15 3 1
github.com/pmorelli92/bunnify/outbox/publisher.go:67.40,70.16 2 1
github.com/pmorelli92/bunnify/outbox/publisher.go:70.16,72.3 1 0
github.com/pmorelli92/bunnify/outbox/publisher.go:75.2,85.4 2 1
github.com/pmorelli92/bunnify/outbox/publisher.go:88.29,90.2 1 1
github.com/pmorelli92/bunnify/outbox/publisherLoop.go:16.28,18.6 2 1
github.com/pmorelli92/bunnify/outbox/publisherLoop.go:18.6,19.15 1 1
github.com/pmorelli92/bunnify/outbox/publisherLoop.go:19.15,22.4 2 1
github.com/pmorelli92/bunnify/outbox/publisherLoop.go:24.3,28.17 4 1
github.com/pmorelli92/bunnify/outbox/publisherLoop.go:28.17,30.12 2 0
github.com/pmorelli92/bunnify/outbox/publisherLoop.go:33.3,35.17 3 1
github.com/pmorelli92/bunnify/outbox/publisherLoop.go:35.17,38.12 3 0
github.com/pmorelli92/bunnify/outbox/publisherLoop.go:41.3,41.21 1 1
github.com/pmorelli92/bunnify/outbox/publisherLoop.go:41.21,43.12 2 1
github.com/pmorelli92/bunnify/outbox/publisherLoop.go:46.3,47.26 2 1
github.com/pmorelli92/bunnify/outbox/publisherLoop.go:47.26,50.18 3 1
github.com/pmorelli92/bunnify/outbox/publisherLoop.go:50.18,51.13 1 0
github.com/pmorelli92/bunnify/outbox/publisherLoop.go:55.4,64.18 6 1
github.com/pmorelli92/bunnify/outbox/publisherLoop.go:64.18,66.13 2 0
github.com/pmorelli92/bunnify/outbox/publisherLoop.go:69.4,69.32 1 1
github.com/pmorelli92/bunnify/outbox/publisherLoop.go:72.3,72.35 1 1
github.com/pmorelli92/bunnify/outbox/publisherLoop.go:72.35,73.57 1 0
github.com/pmorelli92/bunnify/outbox/publisherLoop.go:73.57,75.13 2 0
github.com/pmorelli92/bunnify/outbox/publisherLoop.go:77.9,78.65 1 1
github.com/pmorelli92/bunnify/outbox/publisherLoop.go:78.65,80.13 2 0
github.com/pmorelli92/bunnify/outbox/publisherLoop.go:84.3,84.39 1 1
github.com/pmorelli92/bunnify/outbox/publisherLoop.go:84.39,87.12 3 0
github.com/pmorelli92/bunnify/outbox/publisherLoop.go:90.3,90.71 1 1
github.com/pmorelli92/bunnify/outbox/publisherOption.go:18.54,19.36 1 0
github.com/pmorelli92/bunnify/outbox/publisherOption.go:19.36,21.3 1 0
github.com/pmorelli92/bunnify/outbox/publisherOption.go:26.73,27.36 1 1
github.com/pmorelli92/bunnify/outbox/publisherOption.go:27.36,29.3 1 1
github.com/pmorelli92/bunnify/outbox/publisherOption.go:34.95,35.36 1 1
github.com/pmorelli92/bunnify/outbox/publisherOption.go:35.36,37.3 1 1
github.com/pmorelli92/bunnify/outbox/generated/db.go:20.28,22.2 1 1
github.com/pmorelli92/bunnify/outbox/generated/db.go:28.46,32.2 1 0
github.com/pmorelli92/bunnify/outbox/generated/queries.sql.go:18.79,21.2 2 0
github.com/pmorelli92/bunnify/outbox/generated/queries.sql.go:30.89,32.16 2 1
github.com/pmorelli92/bunnify/outbox/generated/queries.sql.go:32.16,34.3 1 0
github.com/pmorelli92/bunnify/outbox/generated/queries.sql.go:35.2,37.18 3 1
github.com/pmorelli92/bunnify/outbox/generated/queries.sql.go:37.18,48.17 2 1
github.com/pmorelli92/bunnify/outbox/generated/queries.sql.go:48.17,50.4 1 0
github.com/pmorelli92/bunnify/outbox/generated/queries.sql.go:51.3,51.27 1 1
github.com/pmorelli92/bunnify/outbox/generated/queries.sql.go:53.2,53.35 1 1
github.com/pmorelli92/bunnify/outbox/generated/queries.sql.go:53.35,55.3 1 0
github.com/pmorelli92/bunnify/outbox/generated/queries.sql.go:56.2,56.19 1 1
github.com/pmorelli92/bunnify/outbox/generated/queries.sql.go:74.95,85.2 2 1
github.com/pmorelli92/bunnify/outbox/generated/queries.sql.go:92.87,95.2 2 1
