mode: set
github.com/pmorelli92/bunnify/outbox/notification.go:9.55,10.15 1 0
github.com/pmorelli92/bunnify/outbox/notification.go:10.15,16.3 1 0
github.com/pmorelli92/bunnify/outbox/notification.go:19.59,20.15 1 0
github.com/pmorelli92/bunnify/outbox/notification.go:20.15,26.3 1 0
github.com/pmorelli92/bunnify/outbox/notification.go:29.67,30.15 1 0
github.com/pmorelli92/bunnify/outbox/notification.go:30.15,36.3 1 0
github.com/pmorelli92/bunnify/outbox/notification.go:39.62,40.15 1 0
github.com/pmorelli92/bunnify/outbox/notification.go:40.15,46.3 1 0
github.com/pmorelli92/bunnify/outbox/notification.go:49.78,50.15 1 0
github.com/pmorelli92/bunnify/outbox/notification.go:50.15,56.3 1 0
github.com/pmorelli92/bunnify/outbox/notification.go:59.69,60.15 1 0
github.com/pmorelli92/bunnify/outbox/notification.go:60.15,66.3 1 0
github.com/pmorelli92/bunnify/outbox/notification.go:69.68,70.15 1 0
github.com/pmorelli92/bunnify/outbox/notification.go:70.15,76.3 1 0
github.com/pmorelli92/bunnify/outbox/notification.go:79.80,80.15 1 0
github.com/pmorelli92/bunnify/outbox/notification.go:80.15,86.3 1 0
github.com/pmorelli92/bunnify/outbox/publisher.go:35.54,41.27 2 0
github.com/pmorelli92/bunnify/outbox/publisher.go:41.27,43.3 1 0
github.com/pmorelli92/bunnify/outbox/publisher.go:45.2,46.16 2 0
github.com/pmorelli92/bunnify/outbox/publisher.go:46.16,48.3 1 0
github.com/pmorelli92/bunnify/outbox/publisher.go:50.2,57.15 3 0
github.com/pmorelli92/bunnify/outbox/publisher.go:67.40,70.16 2 0
github.com/pmorelli92/bunnify/outbox/publisher.go:70.16,72.3 1 0
github.com/pmorelli92/bunnify/outbox/publisher.go:75.2,85.4 2 0
github.com/pmorelli92/bunnify/outbox/publisher.go:88.29,90.2 1 0
github.com/pmorelli92/bunnify/outbox/publisherLoop.go:16.28,18.6 2 0
github.com/pmorelli92/bunnify/outbox/publisherLoop.go:18.6,19.15 1 0
github.com/pmorelli92/bunnify/outbox/publisherLoop.go:19.15,22.4 2 0
github.com/pmorelli92/bunnify/outbox/publisherLoop.go:24.3,28.17 4 0
github.com/pmorelli92/bunnify/outbox/publisherLoop.go:28.17,30.12 2 0
github.com/pmorelli92/bunnify/outbox/publisherLoop.go:33.3,35.17 3 0
github.com/pmorelli92/bunnify/outbox/publisherLoop.go:35.17,38.12 3 0
github.com/pmorelli92/bunnify/outbox/publisherLoop.go:41.3,41.21 1 0
github.com/pmorelli92/bunnify/outbox/publisherLoop.go:41.21,43.12 2 0
github.com/pmorelli92/bunnify/outbox/publisherLoop.go:46.3,47.26 2 0
github.com/pmorelli92/bunnify/outbox/publisherLoop.go:47.26,50.18 3 0
github.com/pmorelli92/bunnify/outbox/publisherLoop.go:50.18,51.13 1 0
github.com/pmorelli92/bunnify/outbox/publisherLoop.go:55.4,64.18 6 0
github.com/pmorelli92/bunnify/outbox/publisherLoop.go:64.18,66.13 2 0
github.com/pmorelli92/bunnify/outbox/publisherLoop.go:69.4,69.32 1 0
github.com/pmorelli92/bunnify/outbox/publisherLoop.go:72.3,72.35 1 0
github.com/pmorelli92/bunnify/outbox/publisherLoop.go:72.35,73.57 1 0
github.com/pmorelli92/bunnify/outbox/publisherLoop.go:73.57,75.13 2 0
github.com/pmorelli92/bunnify/outbox/publisherLoop.go:77.9,78.65 1 0
github.com/pmorelli92/bunnify/outbox/publisherLoop.go:78.65,80.13 2 0
github.com/pmorelli92/bunnify/outbox/publisherLoop.go:84.3,84.39 1 0
github.com/pmorelli92/bunnify/outbox/publisherLoop.go:84.39,87.12 3 0
github.com/pmorelli92/bunnify/outbox/publisherLoop.go:90.3,90.71 1 0
github.com/pmorelli92/bunnify/outbox/publisherOption.go:18.54,19.36 1 0
github.com/pmorelli92/bunnify/outbox/publisherOption.go:19.36,21.3 1 0
github.com/pmorelli92/bunnify/outbox/publisherOption.go:26.73,27.36 1 0
github.com/pmorelli92/bunnify/outbox/publisherOption.go:27.36,29.3 1 0
github.com/pmorelli92/bunnify/outbox/publisherOption.go:34.95,35.36 1 0
github.com/pmorelli92/bunnify/outbox/publisherOption.go:35.36,37.3 1 0
github.com/pmorelli92/bunnify/outbox/generated/db.go:20.28,22.2 1 0
github.com/pmorelli92/bunnify/outbox/generated/db.go:28.46,32.2 1 0
github.com/pmorelli92/bunnify/outbox/generated/queries.sql.go:18.79,21.2 2 0
github.com/pmorelli92/bunnify/outbox/generated/queries.sql.go:30.89,32.16 2 0
github.com/pmorelli92/bunnify/outbox/generated/queries.sql.go:32.16,34.3 1 0
github.com/pmorelli92/bunnify/outbox/generated/queries.sql.go:35.2,37.18 3 0
github.com/pmorelli92/bunnify/outbox/generated/queries.sql.go:37.18,48.17 2 0
github.com/pmorelli92/bunnify/outbox/generated/queries.sql.go:48.17,50.4 1 0
github.com/pmorelli92/bunnify/outbox/generated/queries.sql.go:51.3,51.27 1 0
github.com/pmorelli92/bunnify/outbox/generated/queries.sql.go:53.2,53.35 1 0
github.com/pmorelli92/bunnify/outbox/generated/queries.sql.go:53.35,55.3 1 0
github.com/pmorelli92/bunnify/outbox/generated/queries.sql.go:56.2,56.19 1 0
github.com/pmorelli92/bunnify/outbox/generated/queries.sql.go:74.95,85.2 2 0
github.com/pmorelli92/bunnify/outbox/generated/queries.sql.go:92.87,95.2 2 0
github.com/pmorelli92/bunnify/outbox/notification.go:9.55,10.15 1 1
github.com/pmorelli92/bunnify/outbox/notification.go:10.15,16.3 1 1
github.com/pmorelli92/bunnify/outbox/notification.go:19.59,20.15 1 0
github.com/pmorelli92/bunnify/outbox/notification.go:20.15,26.3 1 0
github.com/pmorelli92/bunnify/outbox/notification.go:29.67,30.15 1 0
github.com/pmorelli92/bunnify/outbox/notification.go:30.15,36.3 1 0
github.com/pmorelli92/bunnify/outbox/notification.go:39.62,40.15 1 0
github.com/pmorelli92/bunnify/outbox/notification.go:40.15,46.3 1 0
github.com/pmorelli92/bunnify/outbox/notification.go:49.78,50.15 1 0
github.com/pmorelli92/bunnify/outbox/notification.go:50.15,56.3 1 0
github.com/pmorelli92/bunnify/outbox/notification.go:59.69,60.15 1 0
github.com/pmorelli92/bunnify/outbox/notification.go:60.15,66.3 1 0
github.com/pmorelli92/bunnify/outbox/notification.go:69.68,70.15 1 0
github.com/pmorelli92/bunnify/outbox/notification.go:70.15,76.3 1 0
github.com/pmorelli92/bunnify/outbox/notification.go:79.80,80.15 1 1
github.com/pmorelli92/bunnify/outbox/notification.go:80.15,86.3 1 1
github.com/pmorelli92/bunnify/outbox/publisher.go:35.54,41.27 2 1
github.com/pmorelli92/bunnify/outbox/publisher.go:41.27,43.3 1 1
github.com/pmorelli92/bunnify/outbox/publisher.go:45.2,46.16 2 1
github.com/pmorelli92/bunnify/outbox/publisher.go:46.16,48.3 1 0
github.com/pmorelli92/bunnify/outbox/publisher.go:50.2,57.15 3 1
github.com/pmorelli92/bunnify/outbox/publisher.go:67.40,70.16 2 1
github.com/pmorelli92/bunnify/outbox/publisher.go:70.16,72.3 1 0
github.com/pmorelli92/bunnify/outbox/publisher.go:75.2,85.4 2 1
github.com/pmorelli92/bunnify/outbox/publisher.go:88.29,90.2 1 1
github.com/pmorelli92/bunnify/outbox/publisherLoop.go:16.28,18.6 2 1
github.com/pmorelli92/bunnify/outbox/publisherLoop.go:18.6,19.15 1 1
github.com/pmorelli92/bunnify/outbox/publisherLoop.go:19.15,22.4 2 1
github.com/pmorelli92/bunnify/outbox/publisherLoop.go:24.3,28.17 4 1
github.com/pmorelli92/bunnify/outbox/publisherLoop.go:28.17,30.12 2 0
github.com/pmorelli92/bunnify/outbox/publisherLoop.go:33.3,35.17 3 1
github.com/pmorelli92/bunnify/outbox/publisherLoop.go:35.17,38.12 3 0
github.com/pmorelli92/bunnify/outbox/publisherLoop.go:41.3,41.21 1 1
github.com/pmorelli92/bunnify/outbox/publisherLoop.go:41.21,43.12 2 1
github.com/pmorelli92/bunnify/outbox/publisherLoop.go:46.3,47.26 2 1
github.com/pmorelli92/bunnify/outbox/publisherLoop.go:47.26,50.18 3 1
github.com/pmorelli92/bunnify/outbox/publisherLoop.go:50.18,51.13 1 0
github.com/pmorelli92/bunnify/outbox/publisherLoop.go:55.4,64.18 6 1
github.com/pmorelli92/bunnify/outbox/publisherLoop.go:64.18,66.13 2 0
github.com/pmorelli92/bunnify/outbox/publisherLoop.go:69.4,69.32 1 1
github.com/pmorelli92/bunnify/outbox/publisherLoop.go:72.3,72.35 1 1
github.com/pmorelli92/bunnify/outbox/publisherLoop.go:72.35,73.57 1 0
github.com/pmorelli92/bunnify/outbox/publisherLoop.go:73.57,75.13 2 0
github.com/pmorelli92/bunnify/outbox/publisherLoop.go:77.9,78.65 1 1
github.com/pmorelli92/bunnify/outbox/publisherLoop.go:78.65,80.13 2 0
github.com/pmorelli92/bunnify/outbox/publisherLoop.go:84.3,84.39 1 1
github.com/pmorelli92/bunnify/outbox/publisherLoop.go:84.39,87.12 3 0
github.com/pmorelli92/bunnify/outbox/publisherLoop.go:90.3,90.71 1 1
github.com/pmorelli92/bunnify/outbox/publisherOption.go:18.54,19.36 1 0
github.com/pmorelli92/bunnify/outbox/publisherOption.go:19.36,21.3 1 0
github.com/pmorelli92/bunnify/outbox/publisherOption.go:26.73,27.36 1 1
github.com/pmorelli92/bunnify/outbox/publisherOption.go:27.36,29.3 1 1
github.com/pmorelli92/bunnify/outbox/publisherOption.go:34.95,35.36 1 1
github.com/pmorelli92/bunnify/outbox/publisherOption.go:35.36,37.3 1 1
github.com/pmorelli92/bunnify/outbox/generated/db.go:20.28,22.2 1 1
github.com/pmorelli92/bunnify/outbox/generated/db.go:28.46,32.2 1 0
github.com/pmorelli92/bunnify/outbox/generated/queries.sql.go:18.79,21.2 2 0
github.com/pmorelli92/bunnify/outbox/generated/queries.sql.go:30.89,32.16 2 1
github.com/pmorelli92/bunnify/outbox/generated/queries.sql.go:32.16,34.3 1 0
github.com/pmorelli92/bunnify/outbox/generated/queries.sql.go:35.2,37.18 3 1
github.com/pmorelli92/bunnify/outbox/generated/queries.sql.go:37.18,48.17 2 1
github.com/pmorelli92/bunnify/outbox/generated/queries.sql.go:48.17,50.4 1 0
github.com/pmorelli92/bunnify/outbox/generated/queries.sql.go:51.3,51.27 1 1
github.com/pmorelli92/bunnify/outbox/generated/queries.sql.go:53.2,53.35 1 1
github.com/pmorelli92/bunnify/outbox/generated/queries.sql.go:53.35,55.3 1 0
github.com/pmorelli92/bunnify/outbox/generated/queries.sql.go:56.2,56.19 1 1
github.com/pmorelli92/bunnify/outbox/generated/queries.sql.go:74.95,85.2 2 1
github.com/pmorelli92/bunnify/outbox/generated/queries.sql.go:92.87,95.2 2 1
